MATLAB is selecting SOFTWARE OPENGL rendering.

                            < M A T L A B (R) >
                  Copyright 1984-2018 The MathWorks, Inc.
                   R2018a (9.4.0.813654) 64-bit (glnxa64)
                             February 23, 2018

 
To get started, type one of these: helpwin, helpdesk, or demo.
For product information, visit www.mathworks.com.
 
>> >> >> >> >> >> >> >> >> >> >> >> --------------------------------------------------------------------------------
  3-3 |     64 |     3375 |     1647 |    52.73 |    25.73 |   2.07e-01 (s)
  2-3 |      8 |     1647 |      631 |   205.88 |    78.88 |   4.99e-02 (s)
  1-3 |      1 |      631 |        0 |   631.00 |     0.00 |   3.01e-02 (s)
--------------------------------------------------------------------------------
Elapsed time is 0.291401 seconds.
--------------------------------------------------------------------------------
mem:   6.98 (MB)
mv: 3.7225e-16 /   12 / 2.3343e-02 (s)
sv: 9.7024e-15 /    1 / 1.9376e-02 (s)
spdiag_mv: 1.3019e-16 / 4.4420e-01 (s)
spdiag_sv: 2.6987e-16 / 3.5653e-01 (s)
--------------------------------------------------------------------------------
  4-3 |    125 |     5832 |     3088 |    46.66 |    24.70 |   9.97e-02 (s)
  3-3 |     27 |     3088 |     1736 |   114.37 |    64.30 |   1.07e-01 (s)
  2-3 |      8 |     1736 |      919 |   217.00 |   114.88 |   9.54e-01 (s)
  2-2 |     12 |      919 |      605 |    76.58 |    50.42 |   1.27e-01 (s)
  1-3 |      1 |      605 |        0 |   605.00 |     0.00 |   2.09e-02 (s)
--------------------------------------------------------------------------------
Elapsed time is 1.312694 seconds.
--------------------------------------------------------------------------------
mem:  17.05 (MB)
mv: 1.9873e-06 /   14 / 1.0456e-02 (s)
sv: 2.3611e-05 /    3 / 1.7215e-02 (s)
spdiag_mv: 1.9106e-16 / 1.5919e+00 (s)
spdiag_sv: 3.9551e-16 / 1.4582e+00 (s)
--------------------------------------------------------------------------------
  4-3 |    216 |    10648 |     5735 |    49.30 |    26.55 |   1.91e-01 (s)
  3-3 |     27 |     5735 |     2648 |   212.41 |    98.07 |   1.88e-01 (s)
  2-3 |      8 |     2648 |     1387 |   331.00 |   173.38 |   2.47e-01 (s)
  2-2 |     12 |     1387 |      970 |   115.58 |    80.83 |   1.56e-01 (s)
  1-3 |      1 |      970 |        0 |   970.00 |     0.00 |   4.21e-02 (s)
--------------------------------------------------------------------------------
Elapsed time is 0.828500 seconds.
--------------------------------------------------------------------------------
mem:  30.71 (MB)
mv: 1.2589e-06 /   13 / 1.2930e-02 (s)
sv: 2.6853e-05 /    3 / 2.3536e-02 (s)
spdiag_mv: 1.4383e-16 / 4.4302e+00 (s)
spdiag_sv: 2.9330e-16 / 3.9448e+00 (s)
--------------------------------------------------------------------------------
  4-3 |    343 |    17576 |     9576 |    51.24 |    27.92 |   2.96e-01 (s)
  3-3 |     64 |     9576 |     5409 |   149.62 |    84.52 |   4.71e-01 (s)
  2-3 |      8 |     5409 |     1951 |   676.12 |   243.88 |   4.96e-01 (s)
  2-2 |     12 |     1951 |     1226 |   162.58 |   102.17 |   2.54e-01 (s)
  1-3 |      1 |     1226 |        0 |  1226.00 |     0.00 |   7.25e-02 (s)
--------------------------------------------------------------------------------
Elapsed time is 1.591965 seconds.
--------------------------------------------------------------------------------
mem:  61.15 (MB)
mv: 1.5110e-06 /   10 / 3.1778e-02 (s)
sv: 4.5464e-05 /    4 / 4.6880e-02 (s)
spdiag_mv: 1.8652e-16 / 1.3036e+01 (s)
spdiag_sv: 4.5462e-16 / 1.2144e+01 (s)
--------------------------------------------------------------------------------
  4-3 |    512 |    29791 |    15967 |    58.19 |    31.19 |   5.50e-01 (s)
  3-3 |     64 |    15967 |     7839 |   249.48 |   122.48 |   7.82e-01 (s)
  2-3 |      8 |     7839 |     2791 |   979.88 |   348.88 |   1.04e+00 (s)
  2-2 |     12 |     2791 |     1538 |   232.58 |   128.17 |   4.71e-01 (s)
  1-3 |      1 |     1538 |        0 |  1538.00 |     0.00 |   1.31e-01 (s)
--------------------------------------------------------------------------------
Elapsed time is 2.980109 seconds.
--------------------------------------------------------------------------------
mem: 115.96 (MB)
mv: 1.6255e-06 /    9 / 3.7385e-02 (s)
sv: 3.9585e-05 /    3 / 7.1453e-02 (s)
spdiag_mv: 2.0058e-16 / 3.1145e+01 (s)
spdiag_sv: 3.2907e-16 / 2.8825e+01 (s)
--------------------------------------------------------------------------------
  5-3 |   1000 |    50653 |    28701 |    50.65 |    28.70 |   1.03e+00 (s)
  4-3 |    125 |    28701 |    14716 |   229.61 |   117.73 |   1.50e+00 (s)
  3-3 |     27 |    14716 |     7778 |   545.04 |   288.07 |   2.86e+00 (s)
  3-2 |     54 |     7778 |     6129 |   144.04 |   113.50 |   2.12e+00 (s)
  2-3 |      8 |     6129 |     3172 |   766.12 |   396.50 |   2.88e+00 (s)
  2-2 |     12 |     3172 |     1858 |   264.33 |   154.83 |   1.41e+00 (s)
  1-3 |      1 |     1858 |        0 |  1858.00 |     0.00 |   2.46e-01 (s)
--------------------------------------------------------------------------------
Elapsed time is 12.055534 seconds.
--------------------------------------------------------------------------------
mem: 265.99 (MB)
mv: 6.9724e-06 /    4 / 8.0848e-02 (s)
sv: 3.4405e-04 /    3 / 1.5625e-01 (s)
spdiag_mv: 2.0747e-16 / 1.3495e+02 (s)
spdiag_sv: 4.7944e-16 / 1.2833e+02 (s)
--------------------------------------------------------------------------------
  5-3 |   1728 |    85184 |    49247 |    49.30 |    28.50 |   1.88e+00 (s)
  4-3 |    216 |    49247 |    25865 |   228.00 |   119.75 |   2.89e+00 (s)
  3-3 |     27 |    25865 |    11096 |   957.96 |   410.96 |   4.69e+00 (s)
  3-2 |     54 |    11096 |     7861 |   205.48 |   145.57 |   3.34e+00 (s)
  2-3 |      8 |     7861 |     4060 |   982.62 |   507.50 |   3.69e+00 (s)
  2-2 |     12 |     4060 |     2336 |   338.33 |   194.67 |   1.75e+00 (s)
  1-3 |      1 |     2336 |        0 |  2336.00 |     0.00 |   3.85e-01 (s)
--------------------------------------------------------------------------------
Elapsed time is 18.633574 seconds.
--------------------------------------------------------------------------------
mem: 438.58 (MB)
mv: 5.3040e-06 /   10 / 1.2235e-01 (s)
sv: 2.6771e-04 /    4 / 2.4418e-01 (s)
spdiag_mv: 1.8095e-16 / 2.8316e+02 (s)
spdiag_sv: 3.5341e-16 / 2.5718e+02 (s)
--------------------------------------------------------------------------------
  5-3 |   2744 |   148877 |    84877 |    54.26 |    30.93 |   3.48e+00 (s)
  4-3 |    343 |    84877 |    45054 |   247.45 |   131.35 |   5.34e+00 (s)
  3-3 |     64 |    45054 |    23877 |   703.97 |   373.08 |   1.08e+01 (s)
  3-2 |    144 |    23877 |    19340 |   165.81 |   134.31 |   8.72e+00 (s)
  2-3 |      8 |    19340 |     6762 |  2417.50 |   845.25 |   1.04e+01 (s)
  2-2 |     12 |     6762 |     2917 |   563.50 |   243.08 |   3.65e+00 (s)
  1-3 |      1 |     2917 |        0 |  2917.00 |     0.00 |   6.40e-01 (s)
--------------------------------------------------------------------------------
Elapsed time is 42.991163 seconds.
--------------------------------------------------------------------------------
mem: 927.05 (MB)
mv: 5.1850e-06 /    6 / 2.7695e-01 (s)
sv: 4.6347e-04 /    3 / 5.0482e-01 (s)
spdiag_mv: 1.9188e-16 / 1.0815e+03 (s)
spdiag_sv: 5.0157e-16 / 9.9668e+02 (s)
--------------------------------------------------------------------------------
  5-3 |   4096 |   250047 |   139455 |    61.05 |    34.05 |   6.10e+00 (s)
  4-3 |    512 |   139455 |    74431 |   272.37 |   145.37 |   8.18e+00 (s)
  3-3 |     64 |    74431 |    34047 |  1162.98 |   531.98 |   2.02e+01 (s)
  3-2 |    144 |    34047 |    24890 |   236.44 |   172.85 |   1.43e+01 (s)
  2-3 |      8 |    24890 |     8669 |  3111.25 |  1083.62 |   1.80e+01 (s)
  2-2 |     12 |     8669 |     3555 |   722.42 |   296.25 |   6.80e+00 (s)
  1-3 |      1 |     3555 |        0 |  3555.00 |     0.00 |   1.17e+00 (s)
--------------------------------------------------------------------------------
Elapsed time is 74.753291 seconds.
--------------------------------------------------------------------------------
mem: 1633.97 (MB)
mv: 8.6432e-06 /    5 / 5.4676e-01 (s)
sv: 6.9575e-04 /    3 / 8.6613e-01 (s)
spdiag_mv: 1.5592e-16 / 2.5818e+03 (s)
spdiag_sv: 3.5863e-16 / 2.3625e+03 (s)
>> >> >> [Warning: MATLAB has disabled some advanced graphics rendering features by
switching to software OpenGL. For more information, click <a
href="matlab:opengl('problems')">here</a>.] 
>> >> >> >> >> >> >> >> >> >> >> >> >> >> >> >> >> >> >> >> >> >> >> >> >> >> >> >> >> >> >> MATLAB: management.cpp:671: find: Assertion `' failed.
MATLAB: management.cpp:671: find: Assertion `' failed.
