MATLAB is selecting SOFTWARE OPENGL rendering.

                            < M A T L A B (R) >
                  Copyright 1984-2018 The MathWorks, Inc.
                   R2018a (9.4.0.813654) 64-bit (glnxa64)
                             February 23, 2018

 
To get started, type one of these: helpwin, helpdesk, or demo.
For product information, visit www.mathworks.com.
 
>> >> >> >> >> >> >> >> >> >> >> --------------------------------------------------------------------------------
   -  |                                                        1.73e-01 (s)
  3-3 |     64 |     3375 |     1647 |    52.73 |    25.73 |   1.08e-01 (s)
  2-3 |      8 |     1647 |      631 |   205.88 |    78.88 |   3.98e-02 (s)
  1-3 |      1 |      631 |        0 |   631.00 |     0.00 |   3.76e-02 (s)
--------------------------------------------------------------------------------
Elapsed time is 0.369644 seconds.
--------------------------------------------------------------------------------
mem:   6.67 (MB)
mv: 6.1528e-16 /   25 / 1.9758e-02 (s)
sv: 1.0315e-14 /    1 / 1.8815e-02 (s)
--------------------------------------------------------------------------------
  - |       200640 |                  9.41e-02 (s)
  3 |            0 |       144712 |   9.04e-02 (s)
  2 |       258565 |        67638 |   2.31e-01 (s)
  1 |        70740 |         4671 |   1.37e-01 (s)
--------------------------------------------------------------------------------
Elapsed time is 0.557641 seconds.
--------------------------------------------------------------------------------
  - |       200640 |                  6.53e-02 (s)
  3 |            0 |       144712 |   9.67e-01 (s)
  2 |       258565 |        54200 |   1.72e-01 (s)
  1 |        70740 |         1728 |   9.88e-02 (s)
--------------------------------------------------------------------------------
Elapsed time is 1.307218 seconds.
--------------------------------------------------------------------------------
diag: 1.8504e-17 / 1.1324e-16
--------------------------------------------------------------------------------
   -  |                                                        1.01e-01 (s)
  4-3 |    512 |    29791 |    15967 |    58.19 |    31.19 |   4.24e-01 (s)
  3-3 |     64 |    15967 |     7839 |   249.48 |   122.48 |   6.75e-01 (s)
  2-3 |      8 |     7839 |     2791 |   979.88 |   348.88 |   1.15e+00 (s)
  2-2 |     12 |     2791 |     1531 |   232.58 |   127.58 |   7.70e-01 (s)
  2-1 |      6 |     1531 |      930 |   255.17 |   155.00 |   2.70e-01 (s)
  1-3 |      1 |      930 |        0 |   930.00 |     0.00 |   6.50e-02 (s)
--------------------------------------------------------------------------------
Elapsed time is 3.486552 seconds.
--------------------------------------------------------------------------------
mem:  99.69 (MB)
mv: 9.3540e-07 /    9 / 4.5787e-02 (s)
sv: 2.4357e-05 /    6 / 6.4431e-02 (s)
--------------------------------------------------------------------------------
  - |      7924229 |                  5.66e+00 (s)
  6 |            0 |       432915 |   2.58e-01 (s)
  5 |      1025065 |      4998206 |   2.01e+00 (s)
  4 |      3031885 |     27981732 |   9.79e+00 (s)
  3 |      9263752 |      3729711 |   1.26e+01 (s)
  2 |      6698424 |       782950 |   4.55e+00 (s)
  1 |       797968 |        41887 |   1.29e+00 (s)
--------------------------------------------------------------------------------
Elapsed time is 36.223966 seconds.
--------------------------------------------------------------------------------
  - |      7924229 |                  5.62e+00 (s)
  6 |            0 |       432915 |   2.57e-01 (s)
  5 |      1025065 |      4998206 |   1.99e+00 (s)
  4 |      3031885 |     27981732 |   9.67e+00 (s)
  3 |      9263752 |      3752120 |   1.10e+01 (s)
  2 |      6698424 |       572380 |   3.35e+00 (s)
  1 |       797968 |        13824 |   1.03e+00 (s)
--------------------------------------------------------------------------------
Elapsed time is 32.993860 seconds.
--------------------------------------------------------------------------------
diag: 1.1920e-16 / 1.1386e-16
--------------------------------------------------------------------------------
   -  |                                                        8.46e-01 (s)
  5-3 |   4096 |   250047 |   139455 |    61.05 |    34.05 |   3.80e+00 (s)
  4-3 |    512 |   139455 |    74431 |   272.37 |   145.37 |   8.17e+00 (s)
  3-3 |     64 |    74431 |    34047 |  1162.98 |   531.98 |   2.01e+01 (s)
  3-2 |    144 |    34047 |    24971 |   236.44 |   173.41 |   1.89e+01 (s)
  3-1 |    108 |    24971 |    19683 |   231.21 |   182.25 |   1.39e+01 (s)
  2-3 |      8 |    19683 |     8798 |  2460.38 |  1099.75 |   1.57e+01 (s)
  2-2 |     12 |     8798 |     4056 |   733.17 |   338.00 |   1.31e+01 (s)
  2-1 |      6 |     4056 |     2467 |   676.00 |   411.17 |   3.12e+00 (s)
  1-3 |      1 |     2467 |        0 |  2467.00 |     0.00 |   6.14e-01 (s)
--------------------------------------------------------------------------------
Elapsed time is 98.517737 seconds.
--------------------------------------------------------------------------------
mem: 1297.43 (MB)
mv: 3.4742e-06 /    7 / 4.4892e-01 (s)
sv: 2.0924e-04 /    3 / 6.7759e-01 (s)
--------------------------------------------------------------------------------
  - |    269374132 |                  3.54e+02 (s)
  9 |            0 |      3044278 |   3.45e+00 (s)
  8 |      7164213 |     34967321 |   2.17e+01 (s)
  7 |     24289170 |    272053546 |   1.24e+02 (s)
  6 |    178129838 |     50738522 |   2.65e+02 (s)
  5 |    220098599 |   4309916073 |   2.11e+03 (s)
  4 |    221841747 |   3220071786 |   1.66e+03 (s)
  3 |    251030226 |     43199845 |   3.35e+02 (s)
  2 |     83428468 |      7337838 |   6.65e+01 (s)
  1 |      7416360 |       353727 |   1.58e+01 (s)
--------------------------------------------------------------------------------
Elapsed time is 4954.149421 seconds.
--------------------------------------------------------------------------------
  - |    269374132 |                  3.52e+02 (s)
  9 |            0 |      3044278 |   2.98e+00 (s)
  8 |      7164213 |     34967321 |   2.06e+01 (s)
  7 |     24289170 |    272053546 |   1.25e+02 (s)
  6 |    178129838 |     89216997 |   2.20e+02 (s)
  5 |    220098599 |   4309916073 |   2.11e+03 (s)
  4 |    221841747 |   3220071786 |   1.66e+03 (s)
  3 |    251030226 |     45013108 |   2.45e+02 (s)
  2 |     83428468 |      5136572 |   5.03e+01 (s)
  1 |      7416360 |       110592 |   1.19e+01 (s)
--------------------------------------------------------------------------------
Elapsed time is 4791.844213 seconds.
--------------------------------------------------------------------------------
diag: 1.6237e-16 / 7.6784e-11
>> >> >> [Warning: MATLAB has disabled some advanced graphics rendering features by
switching to software OpenGL. For more information, click <a
href="matlab:opengl('problems')">here</a>.] 
>> >> >> >> >> >> >> >> >> >> >> >> >> >> >> >> >> >> >> >> >> >> >> >> >> >> >> >> >> >> >> MATLAB: management.cpp:671: find: Assertion `' failed.
MATLAB: management.cpp:671: find: Assertion `' failed.
