MATLAB is selecting SOFTWARE OPENGL rendering.

                            < M A T L A B (R) >
                  Copyright 1984-2018 The MathWorks, Inc.
                   R2018a (9.4.0.813654) 64-bit (glnxa64)
                             February 23, 2018

 
To get started, type one of these: helpwin, helpdesk, or demo.
For product information, visit www.mathworks.com.
 
>> >> >> >> >> >> >> >> >> >> >> >> --------------------------------------------------------------------------------
  3-3 |     64 |     3375 |     1647 |    52.73 |    25.73 |   2.28e-01 (s)
  2-3 |      8 |     1647 |      631 |   205.88 |    78.88 |   4.60e-02 (s)
  1-3 |      1 |      631 |        0 |   631.00 |     0.00 |   2.60e-02 (s)
--------------------------------------------------------------------------------
Elapsed time is 0.304407 seconds.
--------------------------------------------------------------------------------
mem:   6.98 (MB)
mv: 3.7225e-16 /   12 / 2.1704e-02 (s)
sv: 9.7024e-15 /    1 / 1.9103e-02 (s)
--------------------------------------------------------------------------------
  - |       267383 |                  1.67e-01 (s)
  3 |            0 |       175447 |   1.05e-01 (s)
  2 |       459684 |       123048 |   4.42e-01 (s)
  1 |       143600 |         5832 |   1.75e-01 (s)
--------------------------------------------------------------------------------
Elapsed time is 0.894650 seconds.
--------------------------------------------------------------------------------
  - |       267383 |                  1.18e-01 (s)
  3 |            0 |       175447 |   3.38e-01 (s)
  2 |       459684 |        90208 |   3.12e-01 (s)
  1 |       143600 |         1728 |   1.28e-01 (s)
--------------------------------------------------------------------------------
Elapsed time is 0.900315 seconds.
--------------------------------------------------------------------------------
diag: 0.0000e+00 / 7.5149e-17
--------------------------------------------------------------------------------
  4-3 |    125 |     5832 |     3088 |    46.66 |    24.70 |   9.69e-02 (s)
  3-3 |     27 |     3088 |     1736 |   114.37 |    64.30 |   1.08e-01 (s)
  2-3 |      8 |     1736 |      919 |   217.00 |   114.88 |   1.64e-01 (s)
  2-2 |     12 |      919 |      605 |    76.58 |    50.42 |   1.25e-01 (s)
  1-3 |      1 |      605 |        0 |   605.00 |     0.00 |   2.11e-02 (s)
--------------------------------------------------------------------------------
Elapsed time is 0.518592 seconds.
--------------------------------------------------------------------------------
mem:  17.05 (MB)
mv: 1.9873e-06 /   14 / 1.0269e-02 (s)
sv: 2.3611e-05 /    3 / 1.4872e-02 (s)
--------------------------------------------------------------------------------
  - |      1311082 |                  9.41e-01 (s)
  5 |            0 |       183207 |   8.38e-02 (s)
  4 |       234425 |      1005816 |   3.38e-01 (s)
  3 |      1720814 |       848763 |   1.56e+00 (s)
  2 |      2073248 |       254987 |   1.53e+00 (s)
  1 |       285905 |        10648 |   3.31e-01 (s)
--------------------------------------------------------------------------------
Elapsed time is 4.792602 seconds.
--------------------------------------------------------------------------------
  - |      1311082 |                  8.88e-01 (s)
  5 |            0 |       183207 |   8.77e-02 (s)
  4 |       234425 |      1005816 |   3.43e-01 (s)
  3 |      1720814 |       734825 |   1.10e+00 (s)
  2 |      2073248 |       150881 |   9.74e-01 (s)
  1 |       285905 |         2744 |   2.52e-01 (s)
--------------------------------------------------------------------------------
Elapsed time is 3.649245 seconds.
--------------------------------------------------------------------------------
diag: 9.4622e-17 / 1.0609e-16
--------------------------------------------------------------------------------
  4-3 |    216 |    10648 |     5735 |    49.30 |    26.55 |   1.80e-01 (s)
  3-3 |     27 |     5735 |     2648 |   212.41 |    98.07 |   1.72e-01 (s)
  2-3 |      8 |     2648 |     1387 |   331.00 |   173.38 |   2.31e-01 (s)
  2-2 |     12 |     1387 |      970 |   115.58 |    80.83 |   1.56e-01 (s)
  1-3 |      1 |      970 |        0 |   970.00 |     0.00 |   3.99e-02 (s)
--------------------------------------------------------------------------------
Elapsed time is 0.782800 seconds.
--------------------------------------------------------------------------------
mem:  30.71 (MB)
mv: 1.2589e-06 /   13 / 1.2767e-02 (s)
sv: 2.6853e-05 /    3 / 2.3158e-02 (s)
--------------------------------------------------------------------------------
  - |      2605052 |                  2.22e+00 (s)
  5 |            0 |       470935 |   2.34e-01 (s)
  4 |      1062128 |     10081801 |   3.03e+00 (s)
  3 |      3740210 |      1241655 |   3.36e+00 (s)
  2 |      3685735 |       496652 |   3.35e+00 (s)
  1 |       568220 |        19683 |   6.27e-01 (s)
--------------------------------------------------------------------------------
Elapsed time is 12.844721 seconds.
--------------------------------------------------------------------------------
  - |      2605052 |                  2.18e+00 (s)
  5 |            0 |       470935 |   2.45e-01 (s)
  4 |      1062128 |     10081801 |   3.09e+00 (s)
  3 |      3740210 |      1308977 |   2.45e+00 (s)
  2 |      3685735 |       328996 |   2.15e+00 (s)
  1 |       568220 |         4913 |   4.77e-01 (s)
--------------------------------------------------------------------------------
Elapsed time is 10.597059 seconds.
--------------------------------------------------------------------------------
diag: 9.0436e-17 / 9.7969e-17
--------------------------------------------------------------------------------
  4-3 |    343 |    17576 |     9576 |    51.24 |    27.92 |   2.93e-01 (s)
  3-3 |     64 |     9576 |     5409 |   149.62 |    84.52 |   4.61e-01 (s)
  2-3 |      8 |     5409 |     1951 |   676.12 |   243.88 |   4.75e-01 (s)
  2-2 |     12 |     1951 |     1226 |   162.58 |   102.17 |   2.39e-01 (s)
  1-3 |      1 |     1226 |        0 |  1226.00 |     0.00 |   7.38e-02 (s)
--------------------------------------------------------------------------------
Elapsed time is 1.545249 seconds.
--------------------------------------------------------------------------------
mem:  61.15 (MB)
mv: 1.5110e-06 /   10 / 2.2559e-02 (s)
sv: 4.5464e-05 /    4 / 4.3683e-02 (s)
--------------------------------------------------------------------------------
  - |      6217433 |                  5.43e+00 (s)
  5 |            0 |       752151 |   4.44e-01 (s)
  4 |      1780662 |     17366390 |   5.71e+00 (s)
  3 |      7871086 |      3032952 |   1.09e+01 (s)
  2 |      9079188 |       889465 |   7.92e+00 (s)
  1 |       993083 |        32768 |   1.14e+00 (s)
--------------------------------------------------------------------------------
Elapsed time is 31.593090 seconds.
--------------------------------------------------------------------------------
  - |      6217433 |                  5.32e+00 (s)
  5 |            0 |       752151 |   4.45e-01 (s)
  4 |      1780662 |     17366390 |   5.75e+00 (s)
  3 |      7871086 |      3783250 |   8.57e+00 (s)
  2 |      9079188 |       524105 |   4.63e+00 (s)
  1 |       993083 |         8000 |   8.57e-01 (s)
--------------------------------------------------------------------------------
Elapsed time is 25.606553 seconds.
--------------------------------------------------------------------------------
diag: 1.0233e-16 / 1.5420e-16
--------------------------------------------------------------------------------
  4-3 |    512 |    29791 |    15967 |    58.19 |    31.19 |   5.62e-01 (s)
  3-3 |     64 |    15967 |     7839 |   249.48 |   122.48 |   7.77e-01 (s)
  2-3 |      8 |     7839 |     2791 |   979.88 |   348.88 |   1.02e+00 (s)
  2-2 |     12 |     2791 |     1538 |   232.58 |   128.17 |   4.79e-01 (s)
  1-3 |      1 |     1538 |        0 |  1538.00 |     0.00 |   1.34e-01 (s)
--------------------------------------------------------------------------------
Elapsed time is 2.980201 seconds.
--------------------------------------------------------------------------------
mem: 115.96 (MB)
mv: 1.6255e-06 /    9 / 3.9455e-02 (s)
sv: 3.9585e-05 /    3 / 7.1302e-02 (s)
--------------------------------------------------------------------------------
  - |     10968605 |                  8.78e+00 (s)
  5 |            0 |      1183464 |   8.10e-01 (s)
  4 |      2940460 |     29535271 |   1.05e+01 (s)
  3 |     13647396 |      5331624 |   2.06e+01 (s)
  2 |     14139380 |      1537696 |   1.32e+01 (s)
  1 |      1739888 |        54872 |   1.94e+00 (s)
--------------------------------------------------------------------------------
Elapsed time is 55.925774 seconds.
--------------------------------------------------------------------------------
  - |     10968605 |                  8.72e+00 (s)
  5 |            0 |      1183464 |   7.81e-01 (s)
  4 |      2940460 |     29535271 |   1.03e+01 (s)
  3 |     13647396 |      6163168 |   1.66e+01 (s)
  2 |     14139380 |       997624 |   8.31e+00 (s)
  1 |      1739888 |        13824 |   1.47e+00 (s)
--------------------------------------------------------------------------------
Elapsed time is 46.232563 seconds.
--------------------------------------------------------------------------------
diag: 1.6498e-16 / 1.4687e-16
--------------------------------------------------------------------------------
  5-3 |   1000 |    50653 |    28701 |    50.65 |    28.70 |   1.07e+00 (s)
  4-3 |    125 |    28701 |    14716 |   229.61 |   117.73 |   1.53e+00 (s)
  3-3 |     27 |    14716 |     7778 |   545.04 |   288.07 |   2.87e+00 (s)
  3-2 |     54 |     7778 |     6129 |   144.04 |   113.50 |   2.25e+00 (s)
  2-3 |      8 |     6129 |     3172 |   766.12 |   396.50 |   2.95e+00 (s)
  2-2 |     12 |     3172 |     1858 |   264.33 |   154.83 |   1.44e+00 (s)
  1-3 |      1 |     1858 |        0 |  1858.00 |     0.00 |   2.45e-01 (s)
--------------------------------------------------------------------------------
Elapsed time is 12.365312 seconds.
--------------------------------------------------------------------------------
mem: 265.99 (MB)
mv: 6.9724e-06 /    4 / 8.5341e-02 (s)
sv: 3.4405e-04 /    3 / 1.6379e-01 (s)
--------------------------------------------------------------------------------
  - |     37935387 |                  4.56e+01 (s)
  7 |            0 |      1727011 |   1.28e+00 (s)
  6 |      4250835 |     38624458 |   1.50e+01 (s)
  5 |     24209339 |     11604005 |   3.25e+01 (s)
  4 |     29990212 |    552194084 |   2.12e+02 (s)
  3 |     57558892 |     10164959 |   7.40e+01 (s)
  2 |     30249447 |      2862252 |   3.00e+01 (s)
  1 |      3231272 |        97336 |   4.23e+00 (s)
--------------------------------------------------------------------------------
Elapsed time is 414.691946 seconds.
--------------------------------------------------------------------------------
  - |     37935387 |                  4.50e+01 (s)
  7 |            0 |      1727011 |   1.17e+00 (s)
  6 |      4250835 |     38624458 |   1.48e+01 (s)
  5 |     24209339 |     11148634 |   2.27e+01 (s)
  4 |     29990212 |    552194084 |   2.12e+02 (s)
  3 |     57558892 |     11752949 |   4.89e+01 (s)
  2 |     30249447 |      1773844 |   1.85e+01 (s)
  1 |      3231272 |        21952 |   3.12e+00 (s)
--------------------------------------------------------------------------------
Elapsed time is 366.618972 seconds.
--------------------------------------------------------------------------------
diag: 2.9633e-16 / 5.8801e-16
--------------------------------------------------------------------------------
  5-3 |   1728 |    85184 |    49247 |    49.30 |    28.50 |   1.95e+00 (s)
  4-3 |    216 |    49247 |    25865 |   228.00 |   119.75 |   2.95e+00 (s)
  3-3 |     27 |    25865 |    11096 |   957.96 |   410.96 |   4.73e+00 (s)
  3-2 |     54 |    11096 |     7861 |   205.48 |   145.57 |   3.35e+00 (s)
  2-3 |      8 |     7861 |     4060 |   982.62 |   507.50 |   3.63e+00 (s)
  2-2 |     12 |     4060 |     2336 |   338.33 |   194.67 |   1.71e+00 (s)
  1-3 |      1 |     2336 |        0 |  2336.00 |     0.00 |   3.75e-01 (s)
--------------------------------------------------------------------------------
Elapsed time is 18.687374 seconds.
--------------------------------------------------------------------------------
mem: 438.58 (MB)
mv: 5.3040e-06 /   10 / 1.3460e-01 (s)
sv: 2.6771e-04 /    4 / 2.5628e-01 (s)
--------------------------------------------------------------------------------
  - |     70808377 |                  8.18e+01 (s)
  7 |            0 |      2729616 |   2.48e+00 (s)
  6 |      7203387 |     82001041 |   3.22e+01 (s)
  5 |     38929639 |     14294662 |   4.92e+01 (s)
  4 |     47802517 |    902243588 |   3.62e+02 (s)
  3 |    100965709 |     19986455 |   1.59e+02 (s)
  2 |     58208206 |      5164268 |   5.80e+01 (s)
  1 |      5704933 |       157464 |   7.34e+00 (s)
--------------------------------------------------------------------------------
Elapsed time is 752.597499 seconds.
--------------------------------------------------------------------------------
  - |     70808377 |                  8.05e+01 (s)
  7 |            0 |      2729616 |   2.07e+00 (s)
  6 |      7203387 |     82001041 |   3.22e+01 (s)
  5 |     38929639 |     16730806 |   3.55e+01 (s)
  4 |     47802517 |    902243588 |   3.62e+02 (s)
  3 |    100965709 |     24304087 |   1.07e+02 (s)
  2 |     58208206 |      3139138 |   3.59e+01 (s)
  1 |      5704933 |        35937 |   5.37e+00 (s)
--------------------------------------------------------------------------------
Elapsed time is 660.053024 seconds.
--------------------------------------------------------------------------------
diag: 1.1983e-16 / 3.4127e-16
--------------------------------------------------------------------------------
  5-3 |   2744 |   148877 |    84877 |    54.26 |    30.93 |   3.64e+00 (s)
  4-3 |    343 |    84877 |    45054 |   247.45 |   131.35 |   5.43e+00 (s)
  3-3 |     64 |    45054 |    23877 |   703.97 |   373.08 |   1.07e+01 (s)
  3-2 |    144 |    23877 |    19340 |   165.81 |   134.31 |   9.04e+00 (s)
  2-3 |      8 |    19340 |     6762 |  2417.50 |   845.25 |   9.79e+00 (s)
  2-2 |     12 |     6762 |     2917 |   563.50 |   243.08 |   3.61e+00 (s)
  1-3 |      1 |     2917 |        0 |  2917.00 |     0.00 |   6.31e-01 (s)
--------------------------------------------------------------------------------
Elapsed time is 42.845781 seconds.
--------------------------------------------------------------------------------
mem: 927.05 (MB)
mv: 5.1850e-06 /    6 / 2.7088e-01 (s)
sv: 4.6347e-04 /    3 / 5.4741e-01 (s)
--------------------------------------------------------------------------------
  - |    176183941 |                  2.17e+02 (s)
  7 |            0 |      4255903 |   4.75e+00 (s)
  6 |     12737133 |    168970978 |   7.40e+01 (s)
  5 |    114464513 |     43664031 |   2.36e+02 (s)
  4 |    157792166 |   3236526391 |   1.43e+03 (s)
  3 |    251207166 |     35588725 |   3.71e+02 (s)
  2 |    106323773 |      8922970 |   1.07e+02 (s)
  1 |     10015880 |       287496 |   1.55e+01 (s)
--------------------------------------------------------------------------------
Elapsed time is 2460.526343 seconds.
--------------------------------------------------------------------------------
  - |    176183941 |                  2.18e+02 (s)
  7 |            0 |      4255903 |   4.06e+00 (s)
  6 |     12737133 |    168970978 |   7.39e+01 (s)
  5 |    114464513 |     68907877 |   1.84e+02 (s)
  4 |    157792166 |   3236526391 |   1.43e+03 (s)
  3 |    251207166 |     42335438 |   2.33e+02 (s)
  2 |    106323773 |      5426758 |   6.44e+01 (s)
  1 |     10015880 |        64000 |   1.13e+01 (s)
--------------------------------------------------------------------------------
Elapsed time is 2223.610343 seconds.
--------------------------------------------------------------------------------
diag: 1.0066e-16 / 4.0850e-16
--------------------------------------------------------------------------------
  5-3 |   4096 |   250047 |   139455 |    61.05 |    34.05 |   6.45e+00 (s)
  4-3 |    512 |   139455 |    74431 |   272.37 |   145.37 |   8.30e+00 (s)
  3-3 |     64 |    74431 |    34047 |  1162.98 |   531.98 |   2.02e+01 (s)
  3-2 |    144 |    34047 |    24890 |   236.44 |   172.85 |   1.43e+01 (s)
  2-3 |      8 |    24890 |     8669 |  3111.25 |  1083.62 |   1.63e+01 (s)
  2-2 |     12 |     8669 |     3555 |   722.42 |   296.25 |   6.19e+00 (s)
  1-3 |      1 |     3555 |        0 |  3555.00 |     0.00 |   1.00e+00 (s)
--------------------------------------------------------------------------------
Elapsed time is 72.654478 seconds.
--------------------------------------------------------------------------------
mem: 1633.97 (MB)
mv: 8.6432e-06 /    5 / 5.8131e-01 (s)
sv: 6.9575e-04 /    3 / 8.8801e-01 (s)
--------------------------------------------------------------------------------
  - |    297627648 |                  3.54e+02 (s)
  7 |            0 |      6320763 |   7.74e+00 (s)
  6 |     19369234 |    252951182 |   1.13e+02 (s)
  5 |    177554724 |     69460561 |   3.99e+02 (s)
  4 |    233326145 |   4597447772 |   2.14e+03 (s)
  3 |    397773716 |     64239328 |   6.61e+02 (s)
  2 |    181858788 |     14953104 |   1.93e+02 (s)
  1 |     16733552 |       474552 |   2.64e+01 (s)
--------------------------------------------------------------------------------
Elapsed time is 3892.239205 seconds.
--------------------------------------------------------------------------------
  - |    297627648 |                  3.56e+02 (s)
  7 |            0 |      6320763 |   6.44e+00 (s)
  6 |     19369234 |    252951182 |   1.13e+02 (s)
  5 |    177554724 |     99572371 |   3.13e+02 (s)
  4 |    233326145 |   4597447772 |   2.16e+03 (s)
  3 |    397773716 |     77594968 |   4.36e+02 (s)
  2 |    181858788 |      9180568 |   1.13e+02 (s)
  1 |     16733552 |       110592 |   1.93e+01 (s)
--------------------------------------------------------------------------------
Elapsed time is 3521.139490 seconds.
--------------------------------------------------------------------------------
diag: 1.8364e-16 / 5.7550e-16
>> >> >> [Warning: MATLAB has disabled some advanced graphics rendering features by
switching to software OpenGL. For more information, click <a
href="matlab:opengl('problems')">here</a>.] 
>> >> >> >> >> >> >> >> >> >> >> >> >> >> >> >> >> >> >> >> >> >> >> >> >> >> >> >> >> >> >> MATLAB: management.cpp:671: find: Assertion `' failed.
MATLAB: management.cpp:671: find: Assertion `' failed.
