MATLAB is selecting SOFTWARE OPENGL rendering.

                            < M A T L A B (R) >
                  Copyright 1984-2018 The MathWorks, Inc.
                   R2018a (9.4.0.813654) 64-bit (glnxa64)
                             February 23, 2018

 
To get started, type one of these: helpwin, helpdesk, or demo.
For product information, visit www.mathworks.com.
 
>> >> >> >> >> >> >> >> >> >> >> --------------------------------------------------------------------------------
   -  |                                                        1.78e-01 (s)
  3-3 |     64 |     3375 |     1647 |    52.73 |    25.73 |   1.21e-01 (s)
  2-3 |      8 |     1647 |      631 |   205.88 |    78.88 |   4.63e-02 (s)
  1-3 |      1 |      631 |        0 |   631.00 |     0.00 |   4.71e-02 (s)
--------------------------------------------------------------------------------
Elapsed time is 0.406920 seconds.
--------------------------------------------------------------------------------
mem:   6.67 (MB)
mv: 6.1528e-16 /   25 / 2.3250e-02 (s)
sv: 1.0315e-14 /    1 / 2.3407e-02 (s)
spdiag_mv: 1.4511e-16 / 3.8766e-01 (s)
spdiag_sv: 2.9347e-16 / 3.0208e-01 (s)
--------------------------------------------------------------------------------
   -  |                                                        1.25e-01 (s)
  4-3 |    512 |    29791 |    15967 |    58.19 |    31.19 |   4.76e-01 (s)
  3-3 |     64 |    15967 |     7839 |   249.48 |   122.48 |   7.17e-01 (s)
  2-3 |      8 |     7839 |     2791 |   979.88 |   348.88 |   1.87e+00 (s)
  2-2 |     12 |     2791 |     1531 |   232.58 |   127.58 |   8.57e-01 (s)
  2-1 |      6 |     1531 |      930 |   255.17 |   155.00 |   2.79e-01 (s)
  1-3 |      1 |      930 |        0 |   930.00 |     0.00 |   6.07e-02 (s)
--------------------------------------------------------------------------------
Elapsed time is 4.422488 seconds.
--------------------------------------------------------------------------------
mem:  99.69 (MB)
mv: 9.3540e-07 /    9 / 5.0999e-02 (s)
sv: 2.4357e-05 /    6 / 7.2058e-02 (s)
spdiag_mv: 1.2550e-16 / 2.6793e+01 (s)
spdiag_sv: 2.9430e-16 / 2.4892e+01 (s)
--------------------------------------------------------------------------------
   -  |                                                        8.35e-01 (s)
  5-3 |   4096 |   250047 |   139455 |    61.05 |    34.05 |   3.73e+00 (s)
  4-3 |    512 |   139455 |    74431 |   272.37 |   145.37 |   8.07e+00 (s)
  3-3 |     64 |    74431 |    34047 |  1162.98 |   531.98 |   2.00e+01 (s)
  3-2 |    144 |    34047 |    24971 |   236.44 |   173.41 |   1.85e+01 (s)
  3-1 |    108 |    24971 |    19683 |   231.21 |   182.25 |   1.35e+01 (s)
  2-3 |      8 |    19683 |     8798 |  2460.38 |  1099.75 |   1.53e+01 (s)
  2-2 |     12 |     8798 |     4056 |   733.17 |   338.00 |   1.24e+01 (s)
  2-1 |      6 |     4056 |     2467 |   676.00 |   411.17 |   3.01e+00 (s)
  1-3 |      1 |     2467 |        0 |  2467.00 |     0.00 |   6.15e-01 (s)
--------------------------------------------------------------------------------
Elapsed time is 96.214280 seconds.
--------------------------------------------------------------------------------
mem: 1297.43 (MB)
mv: 3.4742e-06 /    7 / 4.4796e-01 (s)
sv: 2.0924e-04 /    3 / 6.7069e-01 (s)
spdiag_mv: 2.0688e-16 / 1.6450e+03 (s)
spdiag_sv: 4.5204e-16 / 1.5936e+03 (s)
>> >> >> [Warning: MATLAB has disabled some advanced graphics rendering features by
switching to software OpenGL. For more information, click <a
href="matlab:opengl('problems')">here</a>.] 
>> >> >> >> >> >> >> >> >> >> >> >> >> >> >> >> >> >> >> >> >> >> >> >> >> >> >> >> >> >> >> MATLAB: management.cpp:671: find: Assertion `' failed.
MATLAB: management.cpp:671: find: Assertion `' failed.
